# JRE version: OpenJDK Runtime Environment (Zulu 8.44.0.9-CA-linux64) (8.0_242-b20) (build 1.8.0_242-b20)
# Java VM: OpenJDK 64-Bit Server VM (25.242-b20 mixed mode linux-amd64 compressed oops)
Heap:
 PSYoungGen      total 197632K, used 89408K [0x00000000f0000000, 0x0000000100000000, 0x0000000100000000)
  eden space 158720K, 32% used [0x00000000f0000000,0x00000000f31b67e8,0x00000000f9b00000)
  from space 38912K, 98% used [0x00000000f9d00000,0x00000000fc299818,0x00000000fc300000)
  to   space 53760K, 0% used [0x00000000fcb80000,0x00000000fcb80000,0x0000000100000000)
 ParOldGen       total 524288K, used 77204K [0x00000000d0000000, 0x00000000f0000000, 0x00000000f0000000)
  object space 524288K, 14% used [0x00000000d0000000,0x00000000d4b651d0,0x00000000f0000000)
 Metaspace       used 74537K, capacity 77590K, committed 77736K, reserved 1116160K
  class space    used 9538K, capacity 10552K, committed 10672K, reserved 1048576K
GC Heap History (10 events):
Event: 27.104 GC heap before
{Heap before GC invocations=28 (full 3):
 PSYoungGen      total 225280K, used 215116K [0x00000000f0000000, 0x0000000100000000, 0x0000000100000000)
  eden space 191488K, 100% used [0x00000000f0000000,0x00000000fbb00000,0x00000000fbb00000)
  from space 33792K, 69% used [0x00000000fdf00000,0x00000000ff6133a0,0x0000000100000000)
  to   space 35328K, 0% used [0x00000000fbb00000,0x00000000fbb00000,0x00000000fdd80000)
 ParOldGen       total 524288K, used 77101K [0x00000000d0000000, 0x00000000f0000000, 0x00000000f0000000)
  object space 524288K, 14% used [0x00000000d0000000,0x00000000d4b4b5a0,0x00000000f0000000)
 Metaspace       used 67749K, capacity 69168K, committed 69288K, reserved 1110016K
  class space    used 8518K, capacity 8880K, committed 8880K, reserved 1048576K
Event: 27.120 GC heap after
Heap after GC invocations=28 (full 3):
 PSYoungGen      total 220160K, used 28337K [0x00000000f0000000, 0x0000000100000000, 0x0000000100000000)
  eden space 191488K, 0% used [0x00000000f0000000,0x00000000f0000000,0x00000000fbb00000)
  from space 28672K, 98% used [0x00000000fbb00000,0x00000000fd6ac738,0x00000000fd700000)
  to   space 37888K, 0% used [0x00000000fdb00000,0x00000000fdb00000,0x0000000100000000)
 ParOldGen       total 524288K, used 77109K [0x00000000d0000000, 0x00000000f0000000, 0x00000000f0000000)
  object space 524288K, 14% used [0x00000000d0000000,0x00000000d4b4d5a0,0x00000000f0000000)
 Metaspace       used 67749K, capacity 69168K, committed 69288K, reserved 1110016K
  class space    used 8518K, capacity 8880K, committed 8880K, reserved 1048576K
}
Event: 27.665 GC heap before
{Heap before GC invocations=29 (full 3):
 PSYoungGen      total 220160K, used 219825K [0x00000000f0000000, 0x0000000100000000, 0x0000000100000000)
  eden space 191488K, 100% used [0x00000000f0000000,0x00000000fbb00000,0x00000000fbb00000)
  from space 28672K, 98% used [0x00000000fbb00000,0x00000000fd6ac738,0x00000000fd700000)
  to   space 37888K, 0% used [0x00000000fdb00000,0x00000000fdb00000,0x0000000100000000)
 ParOldGen       total 524288K, used 77109K [0x00000000d0000000, 0x00000000f0000000, 0x00000000f0000000)
  object space 524288K, 14% used [0x00000000d0000000,0x00000000d4b4d5a0,0x00000000f0000000)
 Metaspace       used 68906K, capacity 70526K, committed 70696K, reserved 1110016K
  class space    used 8779K, capacity 9234K, committed 9264K, reserved 1048576K
Event: 27.682 GC heap after
Heap after GC invocations=29 (full 3):
 PSYoungGen      total 219136K, used 29702K [0x00000000f0000000, 0x0000000100000000, 0x0000000100000000)
  eden space 181248K, 0% used [0x00000000f0000000,0x00000000f0000000,0x00000000fb100000)
  from space 37888K, 78% used [0x00000000fdb00000,0x00000000ff8019f0,0x0000000100000000)
  to   space 40448K, 0% used [0x00000000fb100000,0x00000000fb100000,0x00000000fd880000)
 ParOldGen       total 524288K, used 77117K [0x00000000d0000000, 0x00000000f0000000, 0x00000000f0000000)
  object space 524288K, 14% used [0x00000000d0000000,0x00000000d4b4f5a0,0x00000000f0000000)
 Metaspace       used 68906K, capacity 70526K, committed 70696K, reserved 1110016K
  class space    used 8779K, capacity 9234K, committed 9264K, reserved 1048576K
}
Event: 31.018 GC heap before
{Heap before GC invocations=30 (full 3):
 PSYoungGen      total 219136K, used 210950K [0x00000000f0000000, 0x0000000100000000, 0x0000000100000000)
  eden space 181248K, 100% used [0x00000000f0000000,0x00000000fb100000,0x00000000fb100000)
  from space 37888K, 78% used [0x00000000fdb00000,0x00000000ff8019f0,0x0000000100000000)
  to   space 40448K, 0% used [0x00000000fb100000,0x00000000fb100000,0x00000000fd880000)
 ParOldGen       total 524288K, used 77117K [0x00000000d0000000, 0x00000000f0000000, 0x00000000f0000000)
  object space 524288K, 14% used [0x00000000d0000000,0x00000000d4b4f5a0,0x00000000f0000000)
 Metaspace       used 70173K, capacity 72306K, committed 72488K, reserved 1112064K
  class space    used 9035K, capacity 9713K, committed 9776K, reserved 1048576K
Event: 31.036 GC heap after
Heap after GC invocations=30 (full 3):
 PSYoungGen      total 215552K, used 34265K [0x00000000f0000000, 0x0000000100000000, 0x0000000100000000)
  eden space 181248K, 0% used [0x00000000f0000000,0x00000000f0000000,0x00000000fb100000)
  from space 34304K, 99% used [0x00000000fb100000,0x00000000fd276710,0x00000000fd280000)
  to   space 44032K, 0% used [0x00000000fd500000,0x00000000fd500000,0x0000000100000000)
 ParOldGen       total 524288K, used 77125K [0x00000000d0000000, 0x00000000f0000000, 0x00000000f0000000)
  object space 524288K, 14% used [0x00000000d0000000,0x00000000d4b515a0,0x00000000f0000000)
 Metaspace       used 70173K, capacity 72306K, committed 72488K, reserved 1112064K
  class space    used 9035K, capacity 9713K, committed 9776K, reserved 1048576K
}
Event: 849.917 GC heap before
{Heap before GC invocations=31 (full 3):
 PSYoungGen      total 215552K, used 215513K [0x00000000f0000000, 0x0000000100000000, 0x0000000100000000)
  eden space 181248K, 100% used [0x00000000f0000000,0x00000000fb100000,0x00000000fb100000)
  from space 34304K, 99% used [0x00000000fb100000,0x00000000fd276710,0x00000000fd280000)
  to   space 44032K, 0% used [0x00000000fd500000,0x00000000fd500000,0x0000000100000000)
 ParOldGen       total 524288K, used 77125K [0x00000000d0000000, 0x00000000f0000000, 0x00000000f0000000)
  object space 524288K, 14% used [0x00000000d0000000,0x00000000d4b515a0,0x00000000f0000000)
 Metaspace       used 71866K, capacity 74714K, committed 74920K, reserved 1114112K
  class space    used 9355K, capacity 10339K, committed 10416K, reserved 1048576K
Event: 849.943 GC heap after
Heap after GC invocations=31 (full 3):
 PSYoungGen      total 204800K, used 44018K [0x00000000f0000000, 0x0000000100000000, 0x0000000100000000)
  eden space 160768K, 0% used [0x00000000f0000000,0x00000000f0000000,0x00000000f9d00000)
  from space 44032K, 99% used [0x00000000fd500000,0x00000000ffffca98,0x0000000100000000)
  to   space 50688K, 0% used [0x00000000f9d00000,0x00000000f9d00000,0x00000000fce80000)
 ParOldGen       total 524288K, used 77196K [0x00000000d0000000, 0x00000000f0000000, 0x00000000f0000000)
  object space 524288K, 14% used [0x00000000d0000000,0x00000000d4b631d0,0x00000000f0000000)
 Metaspace       used 71866K, capacity 74714K, committed 74920K, reserved 1114112K
  class space    used 9355K, capacity 10339K, committed 10416K, reserved 1048576K
}
Event: 907.628 GC heap before
{Heap before GC invocations=32 (full 3):
 PSYoungGen      total 204800K, used 204786K [0x00000000f0000000, 0x0000000100000000, 0x0000000100000000)
  eden space 160768K, 100% used [0x00000000f0000000,0x00000000f9d00000,0x00000000f9d00000)
  from space 44032K, 99% used [0x00000000fd500000,0x00000000ffffca98,0x0000000100000000)
  to   space 50688K, 0% used [0x00000000f9d00000,0x00000000f9d00000,0x00000000fce80000)
 ParOldGen       total 524288K, used 77196K [0x00000000d0000000, 0x00000000f0000000, 0x00000000f0000000)
  object space 524288K, 14% used [0x00000000d0000000,0x00000000d4b631d0,0x00000000f0000000)
 Metaspace       used 74419K, capacity 77400K, committed 77608K, reserved 1116160K
  class space    used 9517K, capacity 10536K, committed 10544K, reserved 1048576K
Event: 907.657 GC heap after
Heap after GC invocations=32 (full 3):
 PSYoungGen      total 197632K, used 38502K [0x00000000f0000000, 0x0000000100000000, 0x0000000100000000)
  eden space 158720K, 0% used [0x00000000f0000000,0x00000000f0000000,0x00000000f9b00000)
  from space 38912K, 98% used [0x00000000f9d00000,0x00000000fc299818,0x00000000fc300000)
  to   space 53760K, 0% used [0x00000000fcb80000,0x00000000fcb80000,0x0000000100000000)
 ParOldGen       total 524288K, used 77204K [0x00000000d0000000, 0x00000000f0000000, 0x00000000f0000000)
  object space 524288K, 14% used [0x00000000d0000000,0x00000000d4b651d0,0x00000000f0000000)
 Metaspace       used 74419K, capacity 77400K, committed 77608K, reserved 1116160K
  class space    used 9517K, capacity 10536K, committed 10544K, reserved 1048576K
}

